  scene.cpp
d:\dev\cpp\core_glfw\framework\src\launcher\scene.cpp(93): warning C4305: 'initializing': truncation from 'double' to 'float'
d:\dev\cpp\core_glfw\framework\src\launcher\scene.cpp(125): warning C4838: conversion from 'float' to 'int' requires a narrowing conversion
d:\dev\cpp\core_glfw\framework\src\launcher\scene.cpp(122): warning C4244: 'initializing': conversion from 'float' to 'int', possible loss of data
d:\dev\cpp\core_glfw\framework\src\launcher\scene.cpp(195): warning C4244: '-=': conversion from 'double' to 'float', possible loss of data
d:\dev\cpp\core_glfw\framework\src\launcher\scene.cpp(198): warning C4244: '+=': conversion from 'double' to 'float', possible loss of data
d:\dev\cpp\core_glfw\framework\src\launcher\scene.cpp(201): warning C4244: '+=': conversion from 'double' to 'float', possible loss of data
d:\dev\cpp\core_glfw\framework\src\launcher\scene.cpp(204): warning C4244: '-=': conversion from 'double' to 'float', possible loss of data
d:\dev\cpp\core_glfw\framework\src\launcher\scene.cpp(266): warning C4005: 'TEXT': macro redefinition
  c:\program files (x86)\windows kits\10\include\10.0.17763.0\um\winnt.h(584): note: see previous definition of 'TEXT'
d:\dev\cpp\core_glfw\framework\src\launcher\scene.cpp(536): warning C4244: 'initializing': conversion from 'double' to 'int', possible loss of data
d:\dev\cpp\core_glfw\framework\src\launcher\scene.cpp(536): warning C4244: 'initializing': conversion from 'double' to 'const int', possible loss of data
d:\dev\cpp\core_glfw\framework\src\launcher\scene.cpp(593): warning C4018: '<': signed/unsigned mismatch
d:\dev\cpp\core_glfw\framework\src\launcher\scene.cpp(608): warning C4018: '<': signed/unsigned mismatch
  Generating code
  1 of 2545 functions (<0.1%) were compiled, the rest were copied from previous compilation.
    0 functions were new in current compilation
    3 functions had inline decision re-evaluated but remain unchanged
  Finished generating code
  glfwGuiBase.vcxproj -> D:\dev\cpp\core_glfw\framework\Release\glfwGuiBase.exe
